<?xml version="1.0" encoding="UTF-8"?>
<!-- Generated by org.testng.reporters.JUnitReportReporter -->
<testsuite hostname="SWETHA" failures="0" tests="2" name="testcase.HomePageTest" time="0.011" errors="0" timestamp="2022-09-24T15:08:08 IST" skipped="0">
  <testcase classname="testcase.HomePageTest" name="test" time="0.008"/>
  <system-out/>
  <testcase classname="testcase.HomePageTest" name="test2" time="0.003"/>
  <system-out/>
</testsuite> <!-- testcase.HomePageTest -->
