<?xml version="1.0" encoding="UTF-8"?>
<!-- Generated by org.testng.reporters.JUnitReportReporter -->
<testsuite hostname="SWETHA" failures="0" tests="2" name="testcase.AllLinksDemo" time="1.677" errors="0" timestamp="2022-09-18T17:46:50 IST" skipped="0">
  <testcase classname="testcase.AllLinksDemo" name="allLink" time="1.674"/>
  <system-out/>
  <testcase classname="testcase.AllLinksDemo" name="f" time="0.003"/>
  <system-out/>
</testsuite> <!-- testcase.AllLinksDemo -->
