<?xml version="1.0" encoding="UTF-8"?>
<!-- Generated by org.testng.reporters.JUnitReportReporter -->
<testsuite hostname="SWETHA" failures="0" tests="2" name="Testing.TitlePageCheck" time="0.009" errors="0" timestamp="2022-09-27T05:51:43 IST" skipped="0">
  <testcase classname="Testing.TitlePageCheck" name="checkTitle" time="0.005"/>
  <system-out/>
  <testcase classname="Testing.TitlePageCheck" name="checkLogo" time="0.004"/>
  <system-out/>
</testsuite> <!-- Testing.TitlePageCheck -->
