<?xml version="1.0" encoding="UTF-8"?>
<!-- Generated by org.testng.reporters.JUnitReportReporter -->
<testsuite hostname="SWETHA" failures="0" tests="1" name="Assignment3.TestNGAss2" time="9.276" errors="0" timestamp="2022-11-10T16:10:42 IST" skipped="0">
  <testcase classname="Assignment3.TestNGAss2" name="LoginPage" time="9.276"/>
  <system-out/>
</testsuite> <!-- Assignment3.TestNGAss2 -->
