<?xml version="1.0" encoding="UTF-8"?>
<!-- Generated by org.testng.reporters.JUnitReportReporter -->
<testsuite hostname="SWETHA" failures="0" tests="1" name="Assignment3.TestNGAss1" time="10.253" errors="0" timestamp="2022-10-28T05:32:41 IST" skipped="0">
  <testcase classname="Assignment3.TestNGAss1" name="LoginPage" time="10.253"/>
  <system-out/>
</testsuite> <!-- Assignment3.TestNGAss1 -->
